<?xml version="1.0" encoding="UTF-8"?>
<!-- Generated by org.testng.reporters.JUnitReportReporter -->
<testsuite hostname="DESKTOP-C7M0M6B" failures="0" tests="1" name="com.onlineshoppingtestscript.OnlineShoppingTestScript" time="60.786" errors="0" timestamp="2023-06-22T13:46:25 IST" skipped="0">
  <testcase classname="com.onlineshoppingtestscript.OnlineShoppingTestScript" name="allmethods" time="60.786"/>
  <system-out/>
</testsuite> <!-- com.onlineshoppingtestscript.OnlineShoppingTestScript -->
