<?xml version="1.0" encoding="UTF-8"?>
<!-- Generated by org.testng.reporters.JUnitReportReporter -->
<testsuite hostname="DESKTOP-C7M0M6B" failures="0" tests="1" name="com.onlineshoppingtestscript.OnlineShoppingTestScript" time="54.109" errors="0" timestamp="2023-06-22T12:31:11 IST" skipped="0">
  <testcase classname="com.onlineshoppingtestscript.OnlineShoppingTestScript" name="allmethods" time="54.109"/>
  <system-out/>
</testsuite> <!-- com.onlineshoppingtestscript.OnlineShoppingTestScript -->
